83 b4 00 00 01 00 00 00 00 00 00 00 00 00 08 00
08 0e 00 00 00 00 00 00 00 00 00 00 00 04 08 00
08 02 35 34 1a 66 7a 00 03 04 08 00 30 48 00 2f
00 47 00 ff 04 04 24 00 08 0a 00 00 09 00 50 00
04 00 51 00 04 00 52 00 07 00 53 00 05 00 54 00
05 00 55 00 06 00 56 00 05 00 57 00 06 04 04 00
00 00 00 00 07 04 04 00 00 00 00 00 32 04 0c 00
06 27 00 00 06 08 0d 12 17 1c 21 5e 33 00 18 00
00 00 00 00 00 00 00 00 00 00 00 00 00 00 00 00
00 00 00 00 00 00 00 00 25 04

80 0d

b4 b4 b4 b4 b4 b4 b4 b4 b4 b4 b4 b4 b4 b4 b4 b4 b4 b4 b4 b4 b4 b4 b4 b4 b4
b4 b4 b4 b4 b4 b4 b4 b4 b4 b4 b4 b4 b4 b4 b4 b4 b4 b4 b4 b4 b4 b4 b4 b4 b4
b4 b4 b4 b4 b4 b4 b4 b4 b4 b4 b4 b4 b4 b4 b4 b4 b4 b4 b4 b4 b4 b4 b4 b4 b4
b4 b4 b4 b4 b4 b4 b4 b4 b4 b4 b4 b4 b4 b4 b4 b4 b4 b4 b4 b4 b4 b4 b4 b4 b4
b4 b4 b4 b4 b4 b4 b4 b4 b4 b4 b4 b4 b4 b4 b4 b4 b4 b4 b4 b4 b4 b4 b4 b4 b4
b4 b4 b4 b4 b4 b4 b4 b4 b4 b4 b4 b4 b4 b4 b4 b4 b4 b4 b4 b4 b4 b4 b4 b4 b4
b4 b4 b4 b4 b4 b4 b4 b4 b4 b4 b4 b4 b4 b4 b4 b4 b4 b4 b4 b4 b4 b4 b4 b4 b4
b4 b4 b4 b4 b4 b4 b4 b4 b4 b4 b4 b4 b4 b4 b4 b4 b4 b4 b4 b4 b4 b4 b4 b4 b4
b4 b4 b4 b4 b4 b4 b4 b4 b4 b4 b4 b4 b4 b4 b4 b4 b4 b4 b4 b4 b4 b4 b4 b4 b4
b4 b4 b4 b4 b4 b4 b4 b4 b4 b4 b4 b4 b4 b4 b4 b4 b4 b4 b4 b4 b4 b4 b4 b4 b4
b4 b4 b4 b4 b4 b4 b4 b4 b4 b4 b4 b4 b4 b4 b4 b4 b4 b4 b4 b4 b4 b4 b4 b4 b4
b4 b4 b4 b4 b4 b4 b4 b4 b4 b4 b4 b4 b4 b4 b4 b4 b4 b4 b4 b4 b4 b4 b4 b4 b4
b4 b4 b4 b4 b4 b4 b4 b4 b4 b4 b4 b4 b4 b4 b4 b4 b4 b4 b4 b4 b4 b4 b4 b4 b4
b4 b4 b4 b4 b4 b4 b4 b4 b4 b4 b4 b4 b4 b4 b4 b4 b4 b4 b4 b4 b4 b4 b4 b4 b4
b4 b4 b4 b4 b4 b4 b4 b4 b4 b4 b4 b4 b4 b4 b4 b4 b4 b4 b4 b4 b4 b4 b4 b4 b4
b4 b4 b4 b4 b4 b4 b4 b4 b4 b4 b4 b4 b4 b4 b4 b4 b4 b4 b4 b4 b4 b4 b4 b4 b4
b4 b4 b4 b4 b4 b4 b4 b4 b4 b4 b4 b4 b4 b4 b4 b4 b4 b4 b4 b4 b4 b4 b4 b4 b4
b4 b4 b4 b4 b4 b4 b4 b4 b4 b4 b4 b4 b4 b4 b4 b4 b4 b4 b4 b4 b4 b4 b4 b4 b4
b4 b4 b4 b4 b4 b4 b4 b4 b4 b4 b4 b4 b4 b4 b4 b4 b4 b4 b4 b4 b4 b4 b4 b4 b4
b4 b4 b4 b4 b4 b4 b4 b4 b4 b4 b4 b4 b4 b4 b4 b4 b4 b4 b4 b4 b4 b4 b4 b4 b4
b4 b4 b4 b4 b4 b4 b4 b4 b4 b4 b4 b4 b4 b4 b4 b4 b4 b4 b4 b4 b4 b4 b4 b4 b4
b4 b4 b4 b4 b4 b4 b4 b4 b4 b4 b4 b4 b4 b4 b4 b4 b4 b4 b4 b4 b4 b4 b4 b4 b4
b4 b4 b4 b4 b4 b4 b4 b4 b4 b4 b4 b4 b4 b4 b4 b4 b4 b4 b4 b4 b4 b4 b4 b4 b4
b4 b4 b4 b4 b4 b4 b4 b4 b4 b4 b4 b4 b4 b4 b4 b4 b4 b4 b4 b4 b4 b4 b4 b4 b4
b4 b4 b4 b4 b4 b4 b4 b4 b4 b4 b4 b4 b4 b4 b4 b4 b4 b4 b4 b4 b4 b4 b4 b4 b4
b4 b4 b4 b4 b4 b4 b4 b4 b4 b4 b4 b4 b4 b4 b4 b4 b4 b4 b4 b4 b4 b4 b4 b4 b4
b4 b4 b4 b4 b4 b4 b4 b4 b4 b4 b4 b4 b4 b4 b4 b4 b4 b4 b4 b4 b4 b4 b4 b4 b4
b4 b4 b4 b4 b4 b4 b4 b4 b4 b4 b4 b4 b4 b4 b4 b4 b4 b4 b4 b4 b4 b4 b4 b4 b4
b4 b4 b4 b4 b4 b4 b4 b4 b4 b4 b4 b4 b4 b4 b4 b4 b4 b4 b4 b4 b4 b4 b4 b4 b4
b4 b4 b4 b4 b4 b4 b4 b4 b4 b4 b4 b4 b4 b4 b4 b4 b4 b4 b4 b4 b4 b4 b4 b4 b4
b4 b4 b4 b4 b4 b4 b4 b4 b4 b4 b4 b4 b4 b4 b4 b4 b4 b4 b4 b4 b4 b4 b4 b4 b4
b4 b4 b4 b4 b4 b4 b4 b4 b4 b4 b4 b4 b4 b4 b4 b4 b4 b4 b4 b4 b4 b4 b4 b4 b4
b4 b4 b4 b4 b4 b4 b4 b4 b4 b4 b4 b4 b4 b4 b4 b4 b4 b4 b4 b4 b4 b4 b4 b4 b4
b4 b4 b4 b4 b4 b4 b4 b4 b4 b4 b4 b4 b4 b4 b4 b4 b4 b4 b4 b4 b4 b4 b4 b4 b4
b4 b4 b4 b4 b4 b4 b4 b4 b4 b4 b4 b4 b4 b4 b4 b4 b4 b4 b4 b4 b4 b4 b4 b4 b4
b4 b4 b4 b4 b4 b4 b4 b4 b4 b4 b4 b4 b4 b4 b4 b4 b4 b4 b4 b4 b4 b4 b4 b4 b4
b4 b4 b4 b4 b4 b4 b4 b4 b4 b4 b4 b4 b4 b4 b4 b4 b4 b4 b4 b4 b4 b4 b4 b4 b4
b4 b4 b4 b4 b4 b4 b4 b4 b4 b4 b4 b4 b4 b4 b4 b4 b4 b4 b4 b4 b4 b4 b4 b4 b4
b4 b4 b4 b4 b4 b4 b4 b4 b4 b4 b4 b4 b4 b4 b4 b4 b4 b4 b4 b4 b4 b4 b4 b4 b4
b4 b4 b4 b4 b4 b4 b4 b4 b4 b4 b4 b4 b4 b4 b4 b4 b4 b4 b4 b4 b4 b4 b4 b4 b4
b4 b4 b4 b4 b4 b4 b4 b4 b4 b4 b4 b4 b4 b4 b4 b4 b4 b4 b4 b4 b4 b4 b4 b4 b4
b4 b4 b4 b4 b4 b4 b4 b4 b4 b4 b4 b4 b4 b4 b4 b4 b4 b4 b4 b4 b4 b4 b4 b4 b4
b4 b4 b4 b4 b4 b4 b4 b4 b4 b4 b4 b4 b4 b4 b4 b4 b4 b4 b4 b4 b4 b4 b4 b4 b4
b4 b4 b4 b4 b4 b4 b4 b4 b4 b4 b4 b4 b4 b4 b4 b4 b4 b4 b4 b4 b4 b4 b4 b4 b4
b4 b4 b4 b4 b4 b4 b4 b4 b4 b4 b4 b4 b4 b4 b4 b4 b4 b4 b4 b4 b4 b4 b4 b4 b1
b1 b1 b1 b4 b4 b4 b4 b4 b4 b4 b4 b4 b4 b4 b4 b4 b4 b4 b4 b4 b4 b4 b4 b4 b4
b4 b4 b4 b4 b4 b4 b4 b4 b4 b4 b4 b4 b4 b4 b4 b4 b4 b4 b4 b4 b4 b4 b4 b4 b4
b4 b4 b4 b4 b4 b4 b4 b4 b4 b4 b4 b4 b4 b4 b4 b4 b4 b4 b4 b4 b2 a5 8f 9a af
b4 b4 b4 b4 b4 b4 b4 b4 b4 b4 b4 b4 b4 b4 b4 b4 b4 b4 b4 b4 b4 b4 b4 b4 b4
b4 b4 b4 b4 b4 b4 b4 b4 b4 b4 b4 b4 b4 b4 b4 b4 b4 b4 b4 b4 b4 b4 b4 b4 b4
b4 b4 b4 b4 b4 b4 b4 b4 b4 b4 b4 b4 b4 b4 b4 b4 b3 a7 75 6c 8a ae b4 b4 b4
b4 b4 b4 b4 b4 b4 b4 b4 b4 b4 b4 b4 b4 b4 b4 b4 b4 b4 b4 b4 b4 b4 b4 b4 b4
b4 b4 b4 b4 b4 b4 b4 b4 b4 b4 b4 b4 b4 b4 b4 b4 b4 b4 b4 b4 b4 b4 b4 b4 b4
b4 b4 b4 b4 b4 b4 b4 b4 b4 b4 b4 b4 b4 b4 ac 84 84 a7 b2 b4 b4 b4 b4 b4 b4
b4 b4 b4 b4 b4 b4 b4 b4 b4 b4 b4 b4 b4 b4 b4 b4 b4 b4 b4 b4 b4 b4 b4 b4 b4
b4 b4 b4 b4 b4 b4 b4 b4 b4 b4 b4 b4 b4 b4 b4 b4 b4 b4 b4 b4 b4 b4 b4 b4 b4
b4 b4 b4 b4 b4 b4 b4 b4 b4 b4 b4 b2 af ae b2 b3 b4 b4 b4 b4 b4 b4 b4 b4 b4
b4 b4 b4 b4 b4 b4 b4 b4 b4 b4 b4 b4 b4 b4 b4 b4 b4 b4 b4 b4 b4 b4 b4 b4 b4
b4 b4 b4 b4 b4 b4 b4 b4 b4 b4 b4 b4 b4 b4 b4 b4 b4 b4 b4 b4 b4 b4 b4 b4 b4
b4 b4 b4 b4 b4 b4 b4 b4 b4 b4 b4 b4 b4 b4 b4 b4 b4 b4 b4 b4 b4 b4 b4 b4 b4
b4 b4 b4 b4 b4 b4 b4 b4 b4 b4 b4 b4 b4 b4 b4 b4 b4 b4 b4 b4 b4 b4 b4 b4 b4
b4 b4 b4 b4 b4 b4 b4 b4 b4 b4 b4 b4 b4 b4 b4 b4 b4 b4 b4 b4 b4 b4 b4 b4 b4
b4 b4 b4 b4 b4 b4 b4 b4 b4 b4 b4 b4 b4 b4 b4 b4 b4 b4 b4 b4 b4 b4 b4 b4 b4
b4 b4 b4 b4 b4 b4 b4 b4 b4 b4 b4 b4 b4 b4 b4 b4 b4 b4 b4 b4 b4 b4 b4 b4 b4
b4 b4 b4 b4 b4 b4 b4 b4 b4 b4 b4 b4 b4 b4 b4 b4 b4 b4 b4 b4 b4 b4 b4 b4 b4
b4 b4 b4 b4 b4 b4 b4 b4 b4 b4 b4 b4 b4 b4 b4 b4 b4 b4 b4 b4 b4 b4 b4 b4 b4
b4 b4 b4 b4 b4 b4 b4 b4 b4 b4 b4 b4 b4 b4 b4 b4 b4 b4 b4 b4 b4 b4 b4 b4 b4
b4 b4 b4 b4 b4 b4 b4 b4 b4 b4 b4 b4 b4 b4 b4 b4 b4 b4 b4 b4 b4 b4 b4 b4 b4
b4 b4 b4 b4 b4 b4 b4 b4 b4 b4 b4 b4 b4 b4 b4 b4 b4 b4 b4 b4 b4 b4 b4 b4 b4
b4 b4 b4 b4 b4 b4 b4 b4 b4 b4 b4 b4 b4 b4 b4 b4 b4 b4 b4 b4 b4 b4 b4 b4 b4
b4 b4 b4 b4 b4 b4 b4 b4 b4 b4 b4 b4 b4 b4 b4 b4 b4 b4 b4 b4 b4 b4 b4 b4 b4
b4 b4 b4 b4 b4 b4 b4 b4 b4 b4 b4 b4 b4 b4 b4 b4 b4 b4 b4 b4 b4 b4 b4 b4 b4
b4 b4 b4 b4 b4 b4 b4 b4 b4 b4 b4 b4 b4 b4 b4 b4 b4 b4 b4 b4 b4 b4 b4 b4 b4
b4 b4 b4 b4 b4 b4 b4 b4 b4 b4 b4 b4 b4 b4 b4 b4 b4 b4 b4 b4 b4 b4 b4 b4 b4
b4 b4 b4 b4 b4 b4 b4 b4 b4 b4 b4 b4 b4 b4 b4 b4 b4 b4 b4 b4 b4 b4 b4 b4 b4
b4 b4 b4 b4 b4 b4 b4 b4 b4 b4 b4 b4 b4 b4 b4 b4 b4 b4 b4 b4 b4 b4 b4 b4 b4
b4 b4 b4 b4 b4 b4 b4 b4 b4 b4 b4 b4 b4 b4 b4 b4 b4 b4 b4 b4 b4 b4 b4 b4 b4
b4 b4 b4 b4 b4 b4 b4 b4 b4 b4 b4 b4 b4 b4 b4 b4 b4 b4 b4 b4 b4 b4 b4 b4 b4
b4 b4 b4 b4 b4 b4 b4 b4 b4 b4 b4 b4 b4 b4 b4 b4 b4 b4 b4 b4 b4 b4 b4 b4 b4
b4 b4 b4 b4 b4 b4 b4 b4 b4 b4 b4 b4 b4 b4 b4 b4 b4 b4 b4 b4 b4 b4 b4 b4 b4
b4 b4 b4 b4 b4 b4 b4 b4 b4 b0 b1 b2 b4 b4 b4 b4 b4 b4 b4 b4 b4 b4 b4 b4 b4
b4 b4 b4 b4 b4 b4 b4 b4 b4 b4 b4 b4 b4 b4 b4 b4 b4 b4 b4 b4 b4 b4 b4 b4 b4
b4 b4 b4 b4 b4 b4 b4 b4 b4 b4 b4 b4 b4 b4 b4 b4 b4 b4 b4 b4 b4 b4 b4 b4 b4
b4 b4 b4 b4 b4 b1 95 88 a9 b2 b4 b4 b4 b4 b4 b4 b4 b4 b4 b4 b4 b4 b4 b4 b4
b4 b4 b4 b4 b4 b4 b4 b4 b4 b4 b4 b4 b4 b4 b4 b4 b4 b4 b4 b4 b4 b4 b4 b4 b4
b4 b4 b4 b4 b4 b4 b4 b4 b4 b4 b4 b4 b4 b4 b4 b4 b4 b4 b4 b4 b4 b4 b4 b4 b4
b4 b4 b0 80 6f a3 b2 b4 b4 b4 b4 b4 b4 b4 b4 b4 b4 b4 b4 b4 b4 b4 b4 b4 b4
b4 b4 b4 b4 b4 b4 b4 b4 b4 b4 b4 b4 b4 b4 b4 b4 b4 b4 b4 b4 b4 b4 b4 b4 b4
b4 b4 b4 b4 b4 b4 b4 b4 b4 b4 b4 b4 b4 b4 b4 b4 b4 b4 b3 b2 b4 b3 b4 b4 b3
ad aa b2 b5 b4 b4 b4 b4 b4 b4 b4 b4 b4 b4 b4 b4 b4 b4 b4 b4 b4 b4 b4 b4 b4
b4 b4 b4 b4 b4 b4 b4 b4 b4 b4 b4 b4 b4 b4 b4 b4 b4 b4 b4 b4 b4 b4 b4 b4 b0
aa ae b3 b4 b4 b4 b4 b4 b4 b4 b4 b4 b4 b4 b4 b1 a5 a4 b0 b3 b4 b4 b4 b4 b4
b4 b4 b4 b4 b4 b4 b4 b4 b4 b4 b4 b4 b4 b4 b4 b4 b4 b4 b4 b4 b4 b4 b4 b4 b4
b4 b4 b4 b4 b4 b4 b4 b4 b4 b4 b4 b4 b4 b4 b4 b4 b4 b4 b4 b4 b3 99 71 88 af
b4 b4 b4 b4 b4 b4 b4 b4 b4 b4 b4 b4 a9 6c 69 96 b2 b4 b4 b4 b4 b4 b4 b4 b4
b4 b4 b4 b4 b4 b4 b4 b4 b4 b4 b4 b4 b4 b4 b4 b4 b4 b4 b4 b4 b4 b4 b4 b4 b4
b4 b4 b4 b4 b4 b4 b4 b4 b4 b4 b4 b4 b4 b4 b4 b4 b4 b1 90 6d 7d b1 b4 b4 b4
b4 b2 b2 b4 b4 b2 b4 b4 b3 ae 8d 8c a9 b3 b4 b4 b4 b4 b4 b4 b4 b4 b4 b4 b4
b4 b4 b4 b4 b4 b4 b4 b4 b4 b4 b4 b4 b4 b4 b4 b4 b4 b4 b4 b4 b4 b4 b4 b4 b4
b4 b4 b4 b4 b4 b4 b4 b4 b4 b4 b4 b4 b4 b4 b3 ad a3 ad b3 b4 b4 b4 b4 b3 a8
89 98 af b6 b4 b4 b5 b3 b2 b3 b4 b4 b4 b4 b4 b4 b4 b4 b4 b4 b4 b4 b4 b4 b4
b4 b4 b4 b4 b4 b4 b4 b4 b4 b4 b4 b4 b4 b4 b4 b4 b4 b4 b4 b4 b4 b4 b4 b4 b4
b4 b4 b4 b4 b4 b4 b4 b4 b4 b4 b4 b4 b4 b4 b5 b4 b4 b4 b4 b4 b3 99 69 6a a9
b3 b4 b4 b4 b4 b4 b4 b4 b4 b4 b4 b4 b4 b4 b4 b4 b4 b4 b4 b4 b4 b4 b4 b4 b4
b4 b4 b4 b4 b4 b4 b4 b4 b4 b4 b4 b4 b4 b4 b4 b4 b4 b4 b4 b4 b4 b4 b4 b4 b4
b4 b4 b4 b4 b4 b4 b4 b4 b4 b4 b4 b4 b4 b4 b4 b4 b4 b3 ad 92 9e b2 b4 b4 b4
b4 b4 b4 b4 b4 b4 b4 b4 b4 b4 b4 b4 b4 b4 b4 b4 b4 b4 b4 b4 b4 b4 b4 b4 b4
b4 b4 b4 b4 b4 b4 b4 b4 b4 b4 b4 b4 b4 b4 b4 b4 b4 b4 b4 b4 b4 b4 b4 b4 b4
b4 b4 b4 b4 b4 b4 b4 b4 b4 b4 b4 b4 b4 b4 b4 b3 b2 b2 b4 b4 b4 b4 b4 b4 b4
b4 b4 b4 b4 b4 b4 b4 b4 b4 b4 b4 b4 b4 b4 b4 b4 b4 b4 b4 b4 b4 b4 b4 b4 b4
b4 b4 b4 b4 b4 b4 b4 b4 b4 b4 b4 b4 b4 b4 b4 b4 b4 b4 b4 b4 b4 b4 b4 b4 b4
b4 b4 b4 b4 b4 b4 b4 b4 b4 b4 b4 b4 b4 b4 b4 b4 b4 b4 b4 b4 b4 b4 b4 b4 b4
b4 b4 b4 b4 b4 b4 b4 b4 b4 b4 b4 b4 b4 b4 b4 b4 b4 b4 b4 b4 b4 b4 b4 b4 b4
b4 b4 b4 b4 b4 b4 b4 b4 b4 b4 b4 b4 b4 b4 b4 b4 b4 b4 b4 b4 b4 b4 b4 b4 b4
b4 b4 b4 b4 b4 b4 b4 b4 b4 b4 b4 b4 b4 b4 b4 b4 b4 b4 b4 b4 b4 b4 b4 b4 b4
b4 b4 b4 b4 b4 b4 b4 b4 b4 b4 b4 b4 b4 b4 b4 b4 b4 b4 b4 b4 b4 b4 b4 b4 b4
b4 b4 b4 b4 b4 b4 b4 b4 b4 b4 b4 b4 b4 b4 b4 b4 b4 b4 b4 b4 b4 b4 b4 b4 b4
b4 b4 b4 b4 b4 b4 b4 b4 b4 b4 b4 b4 b4 b4 b4 b4 b4 b4 b4 b4 b4 b4 b4 b4 b4
b4 b4 b4 b4 b4 b4 b4 b4 b4 b4 b4 b4 b4 b4 b4 b4 b4 b4 b4 b4 b4 b4 b4 b4 b4
b4 b4 b4 b4 b4 b4 b4 b4 b4 b4 b4 b4 b4 b4 b4 b4 b4 b4 b4 b4 b4 b4 b4 b4 b4
b4 b4 b4 b4 b4 b4 b4 b4 b4 b4 b4 b4 b4 b4 b4 b4 b4 b4 b4 b4 b4 b4 b4 b4 b4
b4 b4 b4 b4 b4 b4 b4 b4 b4 b4 b4 b4 b4 b4 b4 b4 b4 b4 b4 b4 b4 b4 b4 b4 b4
b4 b4 b4 b4 b4 b4 b4 b4 b4 b4 b4 b4 b4 b4 b4 b4 b4 b4 b4 b4 b4 b4 b4 b4 b4
b4 b4 b4 b4 b4 b4 b4 b4 b4 b4 b4 b4 b4 b4 b4 b4 b4 b4 b4 b4 b4 b4 b4 b4 b4
b4 b4 b4 b4 b4 b4 b4 b4 b4 b4 b4 b4 b4 b4 b4 b4 b4 b4 b4 b4 b4 b4 b4 b4 b4
b4 b4 b4 b4 b4 b4 b4 b4 b4 b4 b4 b4 b4 b4 b4 b4 b4 b4 b4 b4 b4 b4 b4 b4 b4
b4 b4 b4 b4 b4 b4 b4 b4 b4 b4 b4 b4 b4 b4 b4 b4 b4 b4 b4 b4 b4 b4 b4 b4 b4
b4 b4 b4 b4 b4 b4 b4 b4 b4 b4 b4 b4 b4 b4 b4 b4 b4 b4 b4 b4 b4 b4 b4 b4 b4
b4 b4 b4 b4 b4 b4 b4 b4 b4 b4 b4 b4 b4 b4 b4 b4 b4 b4 b4 b4 b4 b4 b4 b4 b4
b4 b4 b4 b4 b4 b4 b4 b4 b4 b4 b4 b4 b4 b4 b4 b4 b4 b4 b4 b4 b4 b4 b4 b4 b4
b4 b4 b4 b4 b4 b4 b4 b4 b4 b4 b4 b4 b4 b4 b4 b4 b4 b4 b4 b4 b4 b4 b4 b4 b4
b4 b4 b4 b4 b4 b4 b4 b4 b4 b4 b4 b4 b4 b4 b4 b4 b4 b4 b4 b4 b4 b4 b4 b4 b4
b4 b4 b4 b4 b4 b4 b4 b4 b4 b4 b4 b4 b4 b4 b4 b4 b4 b4 b4 b4 b4 b4 b4 b4 b4
b4 b4 b4 b4 b4 b4 b4 b4 b4 b4 b4 b4 b4 b4 b4 b4 b4 b4 b4 b4 b4 b4 b4 b4 b4
b4 b4 b4 b4 b4 b4 b4 b4 b4 b4 b4 b4 b4 b4 b4 b4 b4 b4 b4 b4 b4 b4 b4 b4 b4
b4 b4 b4 b4 b4 b4 b4 b4 b4 b4 b4 b4 b4 b4 b4 b4 b4 b4 b4 b4 b4 b4 b4 b4 b4
b4 b4 b4 b4 b4 b4 b4 b4 b4 b4 b4 b4 b4 b4 b4 b4 b4 b4 b4 b4 b4 b4 b4 b4 b4
b4 b4 b4 b4 b4 b4 b4 b4 b4 b4 b4 b4 b4 b4 b4 b4 b4 b4 b4 b4 b4 b4 b4 b4 b4
b4 b4 b4 b4 b4 b4

ff 04 04 00
35 34 09 00